{
  "stats": {
    "suites": 19,
    "tests": 31,
    "passes": 29,
    "pending": 0,
    "failures": 2,
    "start": "2022-09-24T21:32:25.642Z",
    "end": "2022-09-24T21:35:28.414Z",
    "duration": 76814,
    "testsRegistered": 31,
    "passPercent": 93.54838709677419,
    "pendingPercent": 0,
    "other": 0,
    "hasOther": false,
    "skipped": 0,
    "hasSkipped": false
  },
  "results": [
    {
      "uuid": "ea11f8f4-1a62-44a3-8acb-9b2d6f83b2a8",
      "title": "",
      "fullFile": "cypress/integration/automation-test-store/alias-invoke.js",
      "file": "cypress/integration/automation-test-store/alias-invoke.js",
      "beforeHooks": [],
      "afterHooks": [],
      "tests": [],
      "suites": [
        {
          "uuid": "f86962e4-f9b8-4ac5-88b0-f0f3f5fb928a",
          "title": "Alias and invoke",
          "fullFile": "",
          "file": "",
          "beforeHooks": [],
          "afterHooks": [],
          "tests": [
            {
              "title": "Calculate total of normal and sale products",
              "fullTitle": "Alias and invoke Calculate total of normal and sale products",
              "timedOut": null,
              "duration": 3830,
              "state": "failed",
              "speed": null,
              "pass": false,
              "fail": true,
              "pending": false,
              "context": null,
              "code": "cy.visit(\"https://automationteststore.com/\");\ncy.get('.thumbnail').as('productThumbnail'); //cy.get('@productThumbnail').find('.oneprice').each(($el, index, $list)=>{\n// cy.log($el.text())\n//})\ncy.get('.thumbnail').find('.oneprice').invoke('text').as('itemPrice');\ncy.get('.thumbnail').find('.pricenew').invoke('text').as('saleItemPrice');\nvar itemsTotal = 0;\ncy.get('@itemPrice').then($linkText => {\n  var itemPriceTotal = 0;\n  var itemPrice = $linkText.split('$');\n  var i;\n  for (i = 0; i < itemPrice.length; i++) {\n    cy.log(itemPrice[i]);\n    itemPriceTotal += Number(itemPrice[i]);\n  }\n  itemsTotal += itemPriceTotal;\n  cy.log(\"Non sale price items total is: \" + itemPriceTotal);\n});\ncy.get('@saleItemPrice').then($linkText => {\n  var saleItemsPrice = 0;\n  var saleItemPrice = $linkText.split('$');\n  var i;\n  for (i = 0; i < saleItemPrice.length; i++) {\n    cy.log(saleItemPrice[i]);\n    saleItemsPrice += Number(saleItemPrice[i]);\n  }\n  itemsTotal += saleItemsPrice;\n  cy.log(\"Sale price items total: \" + saleItemsPrice);\n}).then(() => {\n  cy.log(\"The total price of all products: \" + itemsTotal);\n  expect(itemsTotal).to.eq(662);\n});",
              "err": {
                "message": "AssertionError: expected 685.6 to equal 662",
                "estack": "AssertionError: expected 685.6 to equal 662\n    at Context.eval (https://automationteststore.com/__cypress/tests?p=cypress\\integration\\automation-test-store\\alias-invoke.js:149:29)",
                "diff": "- 685.6\n+ 662\n"
              },
              "uuid": "eb94ca10-613c-49f1-8481-4b676a312d67",
              "parentUUID": "f86962e4-f9b8-4ac5-88b0-f0f3f5fb928a",
              "isHook": false,
              "skipped": false
            }
          ],
          "suites": [],
          "passes": [],
          "failures": [
            "eb94ca10-613c-49f1-8481-4b676a312d67"
          ],
          "pending": [],
          "skipped": [],
          "duration": 3830,
          "root": false,
          "rootEmpty": false,
          "_timeout": 2000
        }
      ],
      "passes": [],
      "failures": [],
      "pending": [],
      "skipped": [],
      "duration": 0,
      "root": true,
      "rootEmpty": true,
      "_timeout": 2000
    },
    {
      "uuid": "3b31de40-f5cb-4d12-9e08-722c1f0465e7",
      "title": "",
      "fullFile": "cypress/integration/automation-test-store/contact-us.js",
      "file": "cypress/integration/automation-test-store/contact-us.js",
      "beforeHooks": [],
      "afterHooks": [],
      "tests": [],
      "suites": [
        {
          "uuid": "40624352-d971-4919-8616-772a79ba77b4",
          "title": "Test Contact Us form via Automation Test Store",
          "fullFile": "",
          "file": "",
          "beforeHooks": [],
          "afterHooks": [],
          "tests": [
            {
              "title": "Should be able to submit a successful submission via contact us form",
              "fullTitle": "Test Contact Us form via Automation Test Store Should be able to submit a successful submission via contact us form",
              "timedOut": null,
              "duration": 4875,
              "state": "passed",
              "speed": "fast",
              "pass": true,
              "fail": false,
              "pending": false,
              "context": null,
              "code": "cy.visit(\"https://automationteststore.com/\");\ncy.get('a[href$=contact]').click().then(linkText => {\n  cy.log(\"Click on this test:\" + linkText.text());\n}); //cy.xpath(\"//a[contains(@href,'contact')]\").click()\ncy.get(\"@user\").then(user => {\n  cy.get('#ContactUsFrm_first_name').type(user.name);\n  cy.get('#ContactUsFrm_email').type(user.email);\n});\ncy.get('#ContactUsFrm_email').should('have.attr', 'name', 'email');\ncy.get('#ContactUsFrm_enquiry').type(\"I have to make it in life\");\ncy.get('button[title=Submit]').click();\ncy.get('.mb40 > :nth-child(3)').should('have.text', 'Your enquiry has been successfully sent to the store owner!');",
              "err": {},
              "uuid": "605b788c-1c77-4964-bf0a-25c342c7905a",
              "parentUUID": "40624352-d971-4919-8616-772a79ba77b4",
              "isHook": false,
              "skipped": false
            }
          ],
          "suites": [],
          "passes": [
            "605b788c-1c77-4964-bf0a-25c342c7905a"
          ],
          "failures": [],
          "pending": [],
          "skipped": [],
          "duration": 4875,
          "root": false,
          "rootEmpty": false,
          "_timeout": 2000
        }
      ],
      "passes": [],
      "failures": [],
      "pending": [],
      "skipped": [],
      "duration": 0,
      "root": true,
      "rootEmpty": true,
      "_timeout": 2000
    },
    {
      "uuid": "287e099e-5f15-4eb5-b080-dc61e625ae34",
      "title": "",
      "fullFile": "cypress/integration/automation-test-store/inspect-item.js",
      "file": "cypress/integration/automation-test-store/inspect-item.js",
      "beforeHooks": [],
      "afterHooks": [],
      "tests": [],
      "suites": [
        {
          "uuid": "a3f10680-8c61-43c5-b208-2158b7a2ee5e",
          "title": "Inspect Automation Test Store items using chain of command",
          "fullFile": "",
          "file": "",
          "beforeHooks": [],
          "afterHooks": [],
          "tests": [
            {
              "title": "Click on the first item using item text",
              "fullTitle": "Inspect Automation Test Store items using chain of command Click on the first item using item text",
              "timedOut": null,
              "duration": 5914,
              "state": "failed",
              "speed": null,
              "pass": false,
              "fail": true,
              "pending": false,
              "context": null,
              "code": "cy.visit(\"https://www.automationteststore.com/\");\ncy.get('.prdocutname').contains('Skinsheen Bronzer Stick').click().then(itemHeaderText => {\n  console.log('Selected the following item:' + itemHeaderText.text());\n});",
              "err": {
                "message": "CypressError: Timed out after waiting `3000ms` for your remote page to load.\n\nYour page did not fire its `load` event within `3000ms`.\n\nYou can try increasing the `pageLoadTimeout` value in `cypress.json` to wait longer.\n\nBrowsers will not fire the `load` event until all stylesheets and scripts are done downloading.\n\nWhen this `load` event occurs, Cypress will continue running commands.",
                "estack": "CypressError: Timed out after waiting `3000ms` for your remote page to load.\n\nYour page did not fire its `load` event within `3000ms`.\n\nYou can try increasing the `pageLoadTimeout` value in `cypress.json` to wait longer.\n\nBrowsers will not fire the `load` event until all stylesheets and scripts are done downloading.\n\nWhen this `load` event occurs, Cypress will continue running commands.\n    at timedOutWaitingForPageLoad (https://www.automationteststore.com/__cypress/runner/cypress_runner.js:162428:74)\n    at https://www.automationteststore.com/__cypress/runner/cypress_runner.js:162860:16\n    at tryCatcher (https://www.automationteststore.com/__cypress/runner/cypress_runner.js:13022:23)\n    at https://www.automationteststore.com/__cypress/runner/cypress_runner.js:8144:41\n    at tryCatcher (https://www.automationteststore.com/__cypress/runner/cypress_runner.js:13022:23)\n    at Promise._settlePromiseFromHandler (https://www.automationteststore.com/__cypress/runner/cypress_runner.js:10957:31)\n    at Promise._settlePromise (https://www.automationteststore.com/__cypress/runner/cypress_runner.js:11014:18)\n    at Promise._settlePromise0 (https://www.automationteststore.com/__cypress/runner/cypress_runner.js:11059:10)\n    at Promise._settlePromises (https://www.automationteststore.com/__cypress/runner/cypress_runner.js:11135:18)\n    at _drainQueueStep (https://www.automationteststore.com/__cypress/runner/cypress_runner.js:7729:12)\n    at _drainQueue (https://www.automationteststore.com/__cypress/runner/cypress_runner.js:7722:9)\n    at Async.../../node_modules/bluebird/js/release/async.js.Async._drainQueues (https://www.automationteststore.com/__cypress/runner/cypress_runner.js:7738:5)\n    at Async.drainQueues (https://www.automationteststore.com/__cypress/runner/cypress_runner.js:7608:14)\nFrom Your Spec Code:\n    at Context.eval (https://www.automationteststore.com/__cypress/tests?p=cypress\\integration\\automation-test-store\\inspect-item.js:107:72)",
                "diff": null
              },
              "uuid": "65b63044-c052-413a-a96c-b5689d367011",
              "parentUUID": "a3f10680-8c61-43c5-b208-2158b7a2ee5e",
              "isHook": false,
              "skipped": false
            }
          ],
          "suites": [],
          "passes": [],
          "failures": [
            "65b63044-c052-413a-a96c-b5689d367011"
          ],
          "pending": [],
          "skipped": [],
          "duration": 5914,
          "root": false,
          "rootEmpty": false,
          "_timeout": 2000
        }
      ],
      "passes": [],
      "failures": [],
      "pending": [],
      "skipped": [],
      "duration": 0,
      "root": true,
      "rootEmpty": true,
      "_timeout": 2000
    },
    {
      "uuid": "f500c1ba-909d-4812-b539-43355c061b0c",
      "title": "",
      "fullFile": "cypress/integration/automation-test-store/iterate-element.js",
      "file": "cypress/integration/automation-test-store/iterate-element.js",
      "beforeHooks": [],
      "afterHooks": [],
      "tests": [],
      "suites": [
        {
          "uuid": "7ec50262-c6c9-4126-9c83-3bc2d0b583a2",
          "title": "Iterate over elements",
          "fullFile": "",
          "file": "",
          "beforeHooks": [],
          "afterHooks": [],
          "tests": [
            {
              "title": "Verifying variables, cypress and jquery pages",
              "fullTitle": "Iterate over elements Verifying variables, cypress and jquery pages",
              "timedOut": null,
              "duration": 3633,
              "state": "passed",
              "speed": "fast",
              "pass": true,
              "fail": false,
              "pending": false,
              "context": null,
              "code": "cy.get(\".fixed_wrapper .prdocutname\").each(($el, index, $list) => {\n  cy.log(\"Index: \" + index + \" : \" + $el.text());\n});",
              "err": {},
              "uuid": "ecfc2e75-9fd5-44ce-a262-d8725033e76f",
              "parentUUID": "7ec50262-c6c9-4126-9c83-3bc2d0b583a2",
              "isHook": false,
              "skipped": false
            },
            {
              "title": "Add specific product to basket",
              "fullTitle": "Iterate over elements Add specific product to basket",
              "timedOut": null,
              "duration": 1203,
              "state": "passed",
              "speed": "fast",
              "pass": true,
              "fail": false,
              "pending": false,
              "context": null,
              "code": "//cy.get(\".fixed_wrapper .prdocutname\").each(($el, index, $list)=>{\n//  if($el.text().includes('Curls to straight Shampoo')) {\n//cy.wrap($el).click\n//  } \n// })\ncy.selectProduct('Curls to straight Shampoo');",
              "err": {},
              "uuid": "693fa6b4-0f9b-426b-9f31-40965a16963d",
              "parentUUID": "7ec50262-c6c9-4126-9c83-3bc2d0b583a2",
              "isHook": false,
              "skipped": false
            },
            {
              "title": "Add specific product to basket",
              "fullTitle": "Iterate over elements Add specific product to basket",
              "timedOut": null,
              "duration": 1198,
              "state": "passed",
              "speed": "fast",
              "pass": true,
              "fail": false,
              "pending": false,
              "context": null,
              "code": "cy.selectProduct('Seaweed Conditioner');",
              "err": {},
              "uuid": "cc9f4547-023e-4728-8e1f-390c9445805a",
              "parentUUID": "7ec50262-c6c9-4126-9c83-3bc2d0b583a2",
              "isHook": false,
              "skipped": false
            }
          ],
          "suites": [],
          "passes": [
            "ecfc2e75-9fd5-44ce-a262-d8725033e76f",
            "693fa6b4-0f9b-426b-9f31-40965a16963d",
            "cc9f4547-023e-4728-8e1f-390c9445805a"
          ],
          "failures": [],
          "pending": [],
          "skipped": [],
          "duration": 6034,
          "root": false,
          "rootEmpty": false,
          "_timeout": 2000
        }
      ],
      "passes": [],
      "failures": [],
      "pending": [],
      "skipped": [],
      "duration": 0,
      "root": true,
      "rootEmpty": true,
      "_timeout": 2000
    },
    {
      "uuid": "f2c6cd1f-1367-4108-a6c5-9209326020b2",
      "title": "",
      "fullFile": "cypress/integration/automation-test-store/variables-and-cy-commands.js",
      "file": "cypress/integration/automation-test-store/variables-and-cy-commands.js",
      "beforeHooks": [],
      "afterHooks": [],
      "tests": [],
      "suites": [
        {
          "uuid": "cb2d4e5e-e746-4150-8079-1eeb8c8a0a22",
          "title": "Verifying variables, cypress commands and jquery commands",
          "fullFile": "",
          "file": "",
          "beforeHooks": [],
          "afterHooks": [],
          "tests": [
            {
              "title": "Navigating to specific product pages",
              "fullTitle": "Verifying variables, cypress commands and jquery commands Navigating to specific product pages",
              "timedOut": null,
              "duration": 1366,
              "state": "passed",
              "speed": "fast",
              "pass": true,
              "fail": false,
              "pending": false,
              "context": null,
              "code": "cy.visit(\"https://automationteststore.com/index.php?rt=content/contact\"); //using cypress commands and chaining\ncy.contains(\"#ContactUsFrm\", \"Contact Us Form\").find('#field_11').should('contain', 'First name'); //JQuery Approach\ncy.contains(\"#ContactUsFrm\", \"Contact Us Form\").then(text => {\n  const firstNameText = text.find('#field_11').text();\n  expect(firstNameText).to.contain('First name');\n}); // Embedded commands (Closure)\ncy.get('#field_11').then(fnText => {\n  cy.log(fnText.text());\n  cy.log(fnText);\n});",
              "err": {},
              "uuid": "33bde037-2856-4ee3-9f79-83ca4281a182",
              "parentUUID": "cb2d4e5e-e746-4150-8079-1eeb8c8a0a22",
              "isHook": false,
              "skipped": false
            }
          ],
          "suites": [],
          "passes": [
            "33bde037-2856-4ee3-9f79-83ca4281a182"
          ],
          "failures": [],
          "pending": [],
          "skipped": [],
          "duration": 1366,
          "root": false,
          "rootEmpty": false,
          "_timeout": 2000
        }
      ],
      "passes": [],
      "failures": [],
      "pending": [],
      "skipped": [],
      "duration": 0,
      "root": true,
      "rootEmpty": true,
      "_timeout": 2000
    },
    {
      "uuid": "3096f857-dc28-451c-aa99-13d4a5621b3e",
      "title": "",
      "fullFile": "cypress/integration/webdriver-uni/alerts.js",
      "file": "cypress/integration/webdriver-uni/alerts.js",
      "beforeHooks": [],
      "afterHooks": [],
      "tests": [],
      "suites": [
        {
          "uuid": "d3ced38d-9602-4290-a872-5398534ee152",
          "title": "Handle js alerts",
          "fullFile": "",
          "file": "",
          "beforeHooks": [],
          "afterHooks": [],
          "tests": [
            {
              "title": "Confirm js alert contains the correct text",
              "fullTitle": "Handle js alerts Confirm js alert contains the correct text",
              "timedOut": null,
              "duration": 1974,
              "state": "passed",
              "speed": "fast",
              "pass": true,
              "fail": false,
              "pending": false,
              "context": null,
              "code": "//  cy.visit(\"http://webdriveruniversity.com/Contact-Us/contactus.html\")\ncy.visit(\"http://webdriveruniversity.com\");\ncy.get('#popup-alerts').invoke('removeAttr', 'target').click({\n  force: true\n});\ncy.get('#button1').click();\ncy.on('window:alert', str => {\n  expect(str).to.equal('I am an alert box!');\n});",
              "err": {},
              "uuid": "6c6977de-68cf-4702-839a-a796370adce5",
              "parentUUID": "d3ced38d-9602-4290-a872-5398534ee152",
              "isHook": false,
              "skipped": false
            },
            {
              "title": "Validate js confirm alert box works correctly when clicking ok",
              "fullTitle": "Handle js alerts Validate js confirm alert box works correctly when clicking ok",
              "timedOut": null,
              "duration": 1004,
              "state": "passed",
              "speed": "fast",
              "pass": true,
              "fail": false,
              "pending": false,
              "context": null,
              "code": "//  cy.visit(\"http://webdriveruniversity.com/Contact-Us/contactus.html\")\ncy.visit(\"http://webdriveruniversity.com\");\ncy.get('#popup-alerts').invoke('removeAttr', 'target').click({\n  force: true\n});\ncy.get('#button4').click();\ncy.on('window:confirm', str => {\n  return true;\n});\ncy.get('#confirm-alert-text').contains('You pressed OK!');",
              "err": {},
              "uuid": "c47d9677-53de-4eec-b35b-08581e5f63ab",
              "parentUUID": "d3ced38d-9602-4290-a872-5398534ee152",
              "isHook": false,
              "skipped": false
            },
            {
              "title": "Validate js confirm alert box works correctly when clicking ok",
              "fullTitle": "Handle js alerts Validate js confirm alert box works correctly when clicking ok",
              "timedOut": null,
              "duration": 738,
              "state": "passed",
              "speed": "fast",
              "pass": true,
              "fail": false,
              "pending": false,
              "context": null,
              "code": "//  cy.visit(\"http://webdriveruniversity.com/Contact-Us/contactus.html\")\ncy.visit(\"http://webdriveruniversity.com\");\ncy.get('#popup-alerts').invoke('removeAttr', 'target').click({\n  force: true\n});\ncy.get('#button4').click();\ncy.on('window:confirm', str => {\n  return false;\n});\ncy.get('#confirm-alert-text').contains('You pressed Cancel!');",
              "err": {},
              "uuid": "a15515d0-1d47-48f0-be00-e358ecb3ee94",
              "parentUUID": "d3ced38d-9602-4290-a872-5398534ee152",
              "isHook": false,
              "skipped": false
            },
            {
              "title": "Validate js confirm alert box works using a stub",
              "fullTitle": "Handle js alerts Validate js confirm alert box works using a stub",
              "timedOut": null,
              "duration": 627,
              "state": "passed",
              "speed": "fast",
              "pass": true,
              "fail": false,
              "pending": false,
              "context": null,
              "code": "//  cy.visit(\"http://webdriveruniversity.com/Contact-Us/contactus.html\")\ncy.visit(\"http://webdriveruniversity.com\");\ncy.get('#popup-alerts').invoke('removeAttr', 'target').click({\n  force: true\n});\nconst stub = cy.stub();\ncy.on('window:confirm', stub);\ncy.get('#button4').click().then(() => {\n  expect(stub.getCall(0)).to.be.calledWith('Press a button!');\n}).then(() => {\n  return true;\n}).then(() => {\n  cy.get('#confirm-alert-text').contains('You pressed OK!');\n});",
              "err": {},
              "uuid": "c11c1715-1ca9-420e-88d5-83271bcd7ee3",
              "parentUUID": "d3ced38d-9602-4290-a872-5398534ee152",
              "isHook": false,
              "skipped": false
            }
          ],
          "suites": [],
          "passes": [
            "6c6977de-68cf-4702-839a-a796370adce5",
            "c47d9677-53de-4eec-b35b-08581e5f63ab",
            "a15515d0-1d47-48f0-be00-e358ecb3ee94",
            "c11c1715-1ca9-420e-88d5-83271bcd7ee3"
          ],
          "failures": [],
          "pending": [],
          "skipped": [],
          "duration": 4343,
          "root": false,
          "rootEmpty": false,
          "_timeout": 2000
        }
      ],
      "passes": [],
      "failures": [],
      "pending": [],
      "skipped": [],
      "duration": 0,
      "root": true,
      "rootEmpty": true,
      "_timeout": 2000
    },
    {
      "uuid": "0adee2be-b028-4cd1-bf28-4fa5aa2bfaae",
      "title": "",
      "fullFile": "cypress/integration/webdriver-uni/autocomplete.js",
      "file": "cypress/integration/webdriver-uni/autocomplete.js",
      "beforeHooks": [],
      "afterHooks": [],
      "tests": [],
      "suites": [
        {
          "uuid": "e3267934-35d0-43a6-bfc8-6d6baa93e099",
          "title": "Verify Autocomplete dropdown list via webdriverUni",
          "fullFile": "",
          "file": "",
          "beforeHooks": [],
          "afterHooks": [],
          "tests": [
            {
              "title": "Select specific product via autocomplete list ",
              "fullTitle": "Verify Autocomplete dropdown list via webdriverUni Select specific product via autocomplete list ",
              "timedOut": null,
              "duration": 2299,
              "state": "passed",
              "speed": "fast",
              "pass": true,
              "fail": false,
              "pending": false,
              "context": null,
              "code": "//  cy.visit(\"http://webdriveruniversity.com/Contact-Us/contactus.html\")\ncy.visit(\"http://webdriveruniversity.com\");\ncy.get(\"#autocomplete-textfield\").invoke(\"removeAttr\", \"target\").click({\n  force: true\n});\ncy.get(\"#myInput\").type(\"A\");\ncy.get(\"#myInputautocomplete-list > *\").each(($el, index, $list) => {\n  const prod = $el.text();\n  const productToSelect = \"Avacado\";\n  if (prod === productToSelect) {\n    $el.click();\n    $el.trigger(\"click\");\n    cy.get(\"#submit-button\").click();\n    cy.url().should(\"include\", productToSelect);\n  }\n}).then(() => {\n  cy.get(\"#myInput\").type(\"G\");\n  cy.get(\"#myInputautocomplete-list > *\").each(($el, index, $list) => {\n    const prod = $el.text();\n    const productToSelect = \"Grapes\";\n    if (prod === productToSelect) {\n      $el.click();\n      $el.trigger(\"click\");\n      cy.get(\"#submit-button\").click();\n      cy.url().should(\"include\", productToSelect);\n    }\n  });\n});",
              "err": {},
              "uuid": "43a0e835-18bb-4c18-a2a9-1979b33561ab",
              "parentUUID": "e3267934-35d0-43a6-bfc8-6d6baa93e099",
              "isHook": false,
              "skipped": false
            }
          ],
          "suites": [],
          "passes": [
            "43a0e835-18bb-4c18-a2a9-1979b33561ab"
          ],
          "failures": [],
          "pending": [],
          "skipped": [],
          "duration": 2299,
          "root": false,
          "rootEmpty": false,
          "_timeout": 2000
        }
      ],
      "passes": [],
      "failures": [],
      "pending": [],
      "skipped": [],
      "duration": 0,
      "root": true,
      "rootEmpty": true,
      "_timeout": 2000
    },
    {
      "uuid": "6d97583f-74ea-40d9-9cf2-77d44a1bc8fb",
      "title": "",
      "fullFile": "cypress/integration/webdriver-uni/browser-navigation.js",
      "file": "cypress/integration/webdriver-uni/browser-navigation.js",
      "beforeHooks": [],
      "afterHooks": [],
      "tests": [],
      "suites": [
        {
          "uuid": "c041205d-f16e-4e25-a5f2-ac7012dcfde6",
          "title": "Test Contact Us form via webdriverUni",
          "fullFile": "",
          "file": "",
          "beforeHooks": [],
          "afterHooks": [],
          "tests": [
            {
              "title": "Should be able to submit a successful submission via contact us form",
              "fullTitle": "Test Contact Us form via webdriverUni Should be able to submit a successful submission via contact us form",
              "timedOut": null,
              "duration": 5517,
              "state": "passed",
              "speed": "medium",
              "pass": true,
              "fail": false,
              "pending": false,
              "context": null,
              "code": "//  cy.visit(\"http://webdriveruniversity.com/Contact-Us/contactus.html\")\ncy.visit(\"http://webdriveruniversity.com\");\ncy.get('#contact-us').invoke('removeAttr', 'target').click({\n  force: true\n});\ncy.url().should('include', 'contactus');\ncy.go('back');\ncy.reload();\ncy.url().should('include', 'http://webdriveruniversity.com/'); //cy.reload(true) //reload without using cache\ncy.go('forward');\ncy.url().should('include', 'contactus');\ncy.go('back');\ncy.get('#login-portal').invoke('removeAttr', 'target').click({\n  force: true\n});\ncy.url().should('include', 'Login-Portal');\ncy.go('back');\ncy.get('#to-do-list').invoke('removeAttr', 'target').click({\n  force: true\n});\ncy.url().should('include', 'To-Do-List');",
              "err": {},
              "uuid": "234eb1e1-e90a-485a-a4a9-7ffb362070c0",
              "parentUUID": "c041205d-f16e-4e25-a5f2-ac7012dcfde6",
              "isHook": false,
              "skipped": false
            }
          ],
          "suites": [],
          "passes": [
            "234eb1e1-e90a-485a-a4a9-7ffb362070c0"
          ],
          "failures": [],
          "pending": [],
          "skipped": [],
          "duration": 5517,
          "root": false,
          "rootEmpty": false,
          "_timeout": 2000
        }
      ],
      "passes": [],
      "failures": [],
      "pending": [],
      "skipped": [],
      "duration": 0,
      "root": true,
      "rootEmpty": true,
      "_timeout": 2000
    },
    {
      "uuid": "25ae4bd5-aeed-42f4-87b6-e54e6c868088",
      "title": "",
      "fullFile": "cypress/integration/webdriver-uni/checkbox.js",
      "file": "cypress/integration/webdriver-uni/checkbox.js",
      "beforeHooks": [],
      "afterHooks": [],
      "tests": [],
      "suites": [
        {
          "uuid": "dac28f1e-9d89-4bd4-bec5-87f52c960e02",
          "title": "Verify checkboxes via webdriverUni",
          "fullFile": "",
          "file": "",
          "beforeHooks": [],
          "afterHooks": [],
          "tests": [
            {
              "title": "Check and validate checkboxes ",
              "fullTitle": "Verify checkboxes via webdriverUni Check and validate checkboxes ",
              "timedOut": null,
              "duration": 1196,
              "state": "passed",
              "speed": "fast",
              "pass": true,
              "fail": false,
              "pending": false,
              "context": null,
              "code": "cy.get(\"#checkboxes > :nth-child(1) > input \").check();\ncy.get(\"#checkboxes > :nth-child(1) > input\").check().should(\"be.checked\");\ncy.get(\"#checkboxes > :nth-child(1) > input\").as(\"option-1\");\ncy.get(\"@option-1\").check().should(\"be.checked\");",
              "err": {},
              "uuid": "323bc687-4c9b-419f-836c-7822e01b002e",
              "parentUUID": "dac28f1e-9d89-4bd4-bec5-87f52c960e02",
              "isHook": false,
              "skipped": false
            },
            {
              "title": "Check and validate checkboxes ",
              "fullTitle": "Verify checkboxes via webdriverUni Check and validate checkboxes ",
              "timedOut": null,
              "duration": 553,
              "state": "passed",
              "speed": "fast",
              "pass": true,
              "fail": false,
              "pending": false,
              "context": null,
              "code": "cy.get(':nth-child(5) > input').uncheck();\ncy.get(':nth-child(5) > input').uncheck().should('not.be.checked');",
              "err": {},
              "uuid": "36cd3911-1478-4591-9120-ca41d7810328",
              "parentUUID": "dac28f1e-9d89-4bd4-bec5-87f52c960e02",
              "isHook": false,
              "skipped": false
            },
            {
              "title": "Check multiple checkboxes ",
              "fullTitle": "Verify checkboxes via webdriverUni Check multiple checkboxes ",
              "timedOut": null,
              "duration": 586,
              "state": "passed",
              "speed": "fast",
              "pass": true,
              "fail": false,
              "pending": false,
              "context": null,
              "code": "cy.get(\"input[type='checkbox']\").check([\"option-1\", \"option-2\", \"option-3\"]).should('be.checked');",
              "err": {},
              "uuid": "cfe7bb9e-2177-40f9-b78d-7d17493248e4",
              "parentUUID": "dac28f1e-9d89-4bd4-bec5-87f52c960e02",
              "isHook": false,
              "skipped": false
            }
          ],
          "suites": [],
          "passes": [
            "323bc687-4c9b-419f-836c-7822e01b002e",
            "36cd3911-1478-4591-9120-ca41d7810328",
            "cfe7bb9e-2177-40f9-b78d-7d17493248e4"
          ],
          "failures": [],
          "pending": [],
          "skipped": [],
          "duration": 2335,
          "root": false,
          "rootEmpty": false,
          "_timeout": 2000
        }
      ],
      "passes": [],
      "failures": [],
      "pending": [],
      "skipped": [],
      "duration": 0,
      "root": true,
      "rootEmpty": true,
      "_timeout": 2000
    },
    {
      "uuid": "159eabe2-b5ca-4fc2-8244-730c0fbeabd9",
      "title": "",
      "fullFile": "cypress/integration/webdriver-uni/contact-us.js",
      "file": "cypress/integration/webdriver-uni/contact-us.js",
      "beforeHooks": [],
      "afterHooks": [],
      "tests": [],
      "suites": [
        {
          "uuid": "08a1b9ad-a3fb-4f6a-b895-ac287a413e8f",
          "title": "Test Contact Us form via webdriverUni",
          "fullFile": "",
          "file": "",
          "beforeHooks": [],
          "afterHooks": [],
          "tests": [
            {
              "title": "Should be able to submit a successful submission via contact us form",
              "fullTitle": "Test Contact Us form via webdriverUni Should be able to submit a successful submission via contact us form",
              "timedOut": null,
              "duration": 8254,
              "state": "passed",
              "speed": "medium",
              "pass": true,
              "fail": false,
              "pending": false,
              "context": null,
              "code": "//  cy.visit(\"http://webdriveruniversity.com/Contact-Us/contactus.html\")\ncy.document().should('have.property', 'charset').and('eq', 'UTF-8');\ncy.title().should('include', 'WebDriver | Contact Us');\ncy.url().should('include', 'contactus'); // cy.get('[name=\"first_name\"]').type(data.first_name)\n// cy.get('[name=\"last_name\"]').type(data.last_name)\n//cy.get('[name=\"email\"]').type(data.email)\n//cy.get('textarea.feedback-input').type(\"I will be great in life\")\n//cy.get('[type=\"submit\"]').click()\n//cy.get('h1').should('have.text', 'Thank You for your Message!')\n//cy.webDriver_contactUs( Cypress.env(\"first_name\"), data.last_name, data.email, \"I will be great in life\", 'h1', 'Thank You for your Message!')\ncontact_Us_PO.contactForm_Submission(Cypress.env(\"first_name\"), data.last_name, data.email, \"I will be great in life\", 'h1', 'Thank You for your Message!');",
              "err": {},
              "uuid": "6810db7c-f117-4e51-9c0f-50e3a01cfbd6",
              "parentUUID": "08a1b9ad-a3fb-4f6a-b895-ac287a413e8f",
              "isHook": false,
              "skipped": false
            },
            {
              "title": "Should not be able to submit a successful submission via contact us form as all fields are required",
              "fullTitle": "Test Contact Us form via webdriverUni Should not be able to submit a successful submission via contact us form as all fields are required",
              "timedOut": null,
              "duration": 5819,
              "state": "passed",
              "speed": "medium",
              "pass": true,
              "fail": false,
              "pending": false,
              "context": null,
              "code": "//cypress code\n// cy.visit(\"http://webdriveruniversity.com/Contact-Us/contactus.html\")\n//cy.get('[name=\"first_name\"]').type(data.first_name)\n//cy.get('[name=\"last_name\"]').type(data.last_name)\n//cy.get('textarea.feedback-input').type(\"I will be great in life\")\n//cy.get('[type=\"submit\"]').click()\n//cy.get('body').contains('have.text', 'Thank You for your Message!')\n//cy.webDriver_contactUs( data.first_name, data.last_name, \" \", 'I will be great in Life', 'body', 'Error: Invalid email address')\ncontact_Us_PO.contactForm_Submission(data.first_name, data.last_name, \" \", 'I will be great in Life', 'body', 'Error: Invalid email address');",
              "err": {},
              "uuid": "6f21271d-5cd1-40a4-97e1-b84be0fa55f7",
              "parentUUID": "08a1b9ad-a3fb-4f6a-b895-ac287a413e8f",
              "isHook": false,
              "skipped": false
            }
          ],
          "suites": [],
          "passes": [
            "6810db7c-f117-4e51-9c0f-50e3a01cfbd6",
            "6f21271d-5cd1-40a4-97e1-b84be0fa55f7"
          ],
          "failures": [],
          "pending": [],
          "skipped": [],
          "duration": 14073,
          "root": false,
          "rootEmpty": false,
          "_timeout": 2000
        }
      ],
      "passes": [],
      "failures": [],
      "pending": [],
      "skipped": [],
      "duration": 0,
      "root": true,
      "rootEmpty": true,
      "_timeout": 2000
    },
    {
      "uuid": "dd2799a3-5e78-4b98-aced-f9cfd2d031f1",
      "title": "",
      "fullFile": "cypress/integration/webdriver-uni/data.js",
      "file": "cypress/integration/webdriver-uni/data.js",
      "beforeHooks": [],
      "afterHooks": [],
      "tests": [],
      "suites": [
        {
          "uuid": "2aeb01eb-dac1-420f-9814-21107fb79ac4",
          "title": "Traversing DOM elements in Cypress",
          "fullFile": "",
          "file": "",
          "beforeHooks": [],
          "afterHooks": [],
          "tests": [
            {
              "title": "Calculate and assert the age of a given user based on last name",
              "fullTitle": "Traversing DOM elements in Cypress Calculate and assert the age of a given user based on last name",
              "timedOut": null,
              "duration": 1496,
              "state": "passed",
              "speed": "fast",
              "pass": true,
              "fail": false,
              "pending": false,
              "context": null,
              "code": "cy.get('#thumbnail-1 tr td:nth-child(2)').each(($el, index, $list) => {\n  const text = $el.text();\n  if (text.includes(\"Woods\")) {\n    cy.get('#thumbnail-1 tr td:nth-child(2)').eq(index).next().then(age => {\n      const userAge = age.text();\n      expect(userAge).to.equal(\"80\");\n    });\n  }\n});",
              "err": {},
              "uuid": "feedfe7c-bbcd-42a2-bb60-a32825edf754",
              "parentUUID": "2aeb01eb-dac1-420f-9814-21107fb79ac4",
              "isHook": false,
              "skipped": false
            }
          ],
          "suites": [],
          "passes": [
            "feedfe7c-bbcd-42a2-bb60-a32825edf754"
          ],
          "failures": [],
          "pending": [],
          "skipped": [],
          "duration": 1496,
          "root": false,
          "rootEmpty": false,
          "_timeout": 2000
        }
      ],
      "passes": [],
      "failures": [],
      "pending": [],
      "skipped": [],
      "duration": 0,
      "root": true,
      "rootEmpty": true,
      "_timeout": 2000
    },
    {
      "uuid": "1c765245-7eac-46bf-8b90-3dc5f3b2c12c",
      "title": "",
      "fullFile": "cypress/integration/webdriver-uni/date-picker.js",
      "file": "cypress/integration/webdriver-uni/date-picker.js",
      "beforeHooks": [],
      "afterHooks": [],
      "tests": [],
      "suites": [
        {
          "uuid": "ac1e3b3b-88e5-409a-941a-91c74c97f994",
          "title": "Verify checkboxes via webdriverUni",
          "fullFile": "",
          "file": "",
          "beforeHooks": [],
          "afterHooks": [],
          "tests": [
            {
              "title": "Check and validate checkboxes ",
              "fullTitle": "Verify checkboxes via webdriverUni Check and validate checkboxes ",
              "timedOut": null,
              "duration": 6378,
              "state": "passed",
              "speed": "medium",
              "pass": true,
              "fail": false,
              "pending": false,
              "context": null,
              "code": "//  cy.visit(\"http://webdriveruniversity.com/Contact-Us/contactus.html\")\ncy.visit(\"http://webdriveruniversity.com\");\ncy.get(\"#datepicker\").invoke(\"removeAttr\", \"target\").click({\n  force: true\n});\ncy.get('#datepicker').click(); // let date = new Date()\n//date.setDate(date.getDate())\n//cy.log(date.getDate()) //  get current day i.e 9\n// let date2 = new Date()\n// date2.setDate(date.getDate() + 10)\n// cy.log(date2.getDate()) //  get current day i.e 9\nvar date = new Date();\ndate.setDate(date.getDate() + 300);\nvar futureYear = date.getFullYear(); //var futureMonth = date.getMonth()\nvar futureMonth = date.toLocaleString(\"default\", {\n  month: \"long\"\n});\nvar futureDay = date.getDate();\ncy.log(\"Future year to select: \" + futureYear);\ncy.log(\"Future month to select: \" + futureMonth);\ncy.log(\"Future day to select: \" + futureDay);\nconst selectMonthAndYear = () => {\n  cy.get('.datepicker-dropdown').find('.datepicker-switch').first().then(currentDate => {\n    if (!currentDate.text().includes(futureYear)) {\n      cy.get('.next').first().click();\n      selectMonthAndYear();\n    }\n  }).then(() => {\n    cy.get('.datepicker-dropdown').find('.datepicker-switch').first().then(currentDate => {\n      if (!currentDate.text().includes(futureMonth)) {\n        cy.get('.next').first().click();\n        selectMonthAndYear();\n      }\n    });\n  });\n};\nconst selectFutureDay = () => {\n  cy.get('[class=\"day\"]').contains(futureDay).click();\n};\nselectMonthAndYear();\nselectFutureDay();",
              "err": {},
              "uuid": "b86e5782-2852-4d04-9dfd-b969c2d2b966",
              "parentUUID": "ac1e3b3b-88e5-409a-941a-91c74c97f994",
              "isHook": false,
              "skipped": false
            }
          ],
          "suites": [],
          "passes": [
            "b86e5782-2852-4d04-9dfd-b969c2d2b966"
          ],
          "failures": [],
          "pending": [],
          "skipped": [],
          "duration": 6378,
          "root": false,
          "rootEmpty": false,
          "_timeout": 2000
        }
      ],
      "passes": [],
      "failures": [],
      "pending": [],
      "skipped": [],
      "duration": 0,
      "root": true,
      "rootEmpty": true,
      "_timeout": 2000
    },
    {
      "uuid": "01a10054-916e-4435-9024-1ecd12efa127",
      "title": "",
      "fullFile": "cypress/integration/webdriver-uni/dropdown.js",
      "file": "cypress/integration/webdriver-uni/dropdown.js",
      "beforeHooks": [],
      "afterHooks": [],
      "tests": [],
      "suites": [
        {
          "uuid": "cc428d0f-8cfe-4ea6-9517-eba83b6bf1ff",
          "title": "Verify checkboxes via webdriverUni",
          "fullFile": "",
          "file": "",
          "beforeHooks": [],
          "afterHooks": [],
          "tests": [
            {
              "title": "Check and validate checkboxes ",
              "fullTitle": "Verify checkboxes via webdriverUni Check and validate checkboxes ",
              "timedOut": null,
              "duration": 2401,
              "state": "passed",
              "speed": "fast",
              "pass": true,
              "fail": false,
              "pending": false,
              "context": null,
              "code": "//  cy.visit(\"http://webdriveruniversity.com/Contact-Us/contactus.html\")\ncy.visit(\"http://webdriveruniversity.com\");\ncy.get(\"#dropdown-checkboxes-radiobuttons\").invoke(\"removeAttr\", \"target\").click({\n  force: true\n});\ncy.get('#dropdowm-menu-1').select('c#').contains('JAVA');\ncy.get('#dropdowm-menu-2').select('TestNG').should('have.value', 'testng');\ncy.get('#dropdowm-menu-3').select('JQuery').should('have.value', 'jquery');",
              "err": {},
              "uuid": "b72d34c9-93af-4388-91d0-a3a17e625755",
              "parentUUID": "cc428d0f-8cfe-4ea6-9517-eba83b6bf1ff",
              "isHook": false,
              "skipped": false
            }
          ],
          "suites": [],
          "passes": [
            "b72d34c9-93af-4388-91d0-a3a17e625755"
          ],
          "failures": [],
          "pending": [],
          "skipped": [],
          "duration": 2401,
          "root": false,
          "rootEmpty": false,
          "_timeout": 2000
        }
      ],
      "passes": [],
      "failures": [],
      "pending": [],
      "skipped": [],
      "duration": 0,
      "root": true,
      "rootEmpty": true,
      "_timeout": 2000
    },
    {
      "uuid": "d32aa0ca-ff7b-468c-b23d-4ab873ce01e0",
      "title": "",
      "fullFile": "cypress/integration/webdriver-uni/file-upload.js",
      "file": "cypress/integration/webdriver-uni/file-upload.js",
      "beforeHooks": [],
      "afterHooks": [],
      "tests": [],
      "suites": [
        {
          "uuid": "9b36012c-2acb-4fc7-b34a-5f1377922bf2",
          "title": "Test File Upload via webdriveruni",
          "fullFile": "",
          "file": "",
          "beforeHooks": [],
          "afterHooks": [],
          "tests": [
            {
              "title": "Upload a file... ",
              "fullTitle": "Test File Upload via webdriveruni Upload a file... ",
              "timedOut": null,
              "duration": 1405,
              "state": "passed",
              "speed": "fast",
              "pass": true,
              "fail": false,
              "pending": false,
              "context": null,
              "code": "cy.visit(\"http://webdriveruniversity.com\");\ncy.get(\"#file-upload\").invoke(\"removeAttr\", \"target\").click({\n  force: true\n});\ncy.fixture(\"laptop.png\", \"base64\").then(fileContent => {\n  cy.get(\"#myFile\").attachFile({\n    fileContent,\n    fileName: 'laptop.png',\n    mimeType: \"image/png\"\n  }, {\n    uploadType: \"input\"\n  });\n});\ncy.get(\"#submit-button\").click();",
              "err": {},
              "uuid": "95a78674-d662-480b-b132-c3f77a54b1b3",
              "parentUUID": "9b36012c-2acb-4fc7-b34a-5f1377922bf2",
              "isHook": false,
              "skipped": false
            }
          ],
          "suites": [],
          "passes": [
            "95a78674-d662-480b-b132-c3f77a54b1b3"
          ],
          "failures": [],
          "pending": [],
          "skipped": [],
          "duration": 1405,
          "root": false,
          "rootEmpty": false,
          "_timeout": 2000
        }
      ],
      "passes": [],
      "failures": [],
      "pending": [],
      "skipped": [],
      "duration": 0,
      "root": true,
      "rootEmpty": true,
      "_timeout": 2000
    },
    {
      "uuid": "59f91ce6-d394-4515-baa5-90481b820697",
      "title": "",
      "fullFile": "cypress/integration/webdriver-uni/iframes.js",
      "file": "cypress/integration/webdriver-uni/iframes.js",
      "beforeHooks": [],
      "afterHooks": [],
      "tests": [],
      "suites": [
        {
          "uuid": "91f8d09c-5441-41b6-b5f9-c9d222ea3ca2",
          "title": "Handling Ifame and Modals",
          "fullFile": "",
          "file": "",
          "beforeHooks": [],
          "afterHooks": [],
          "tests": [
            {
              "title": "Handle webdriveruni iframe and modal",
              "fullTitle": "Handling Ifame and Modals Handle webdriveruni iframe and modal",
              "timedOut": null,
              "duration": 1903,
              "state": "passed",
              "speed": "fast",
              "pass": true,
              "fail": false,
              "pending": false,
              "context": null,
              "code": "//  cy.visit(\"http://webdriveruniversity.com/Contact-Us/contactus.html\")\ncy.visit(\"http://webdriveruniversity.com\");\ncy.get('#iframe').invoke('removeAttr', 'target').click({\n  force: true\n});\ncy.get('#frame').then($iframe => {\n  const body = $iframe.contents().find('body');\n  cy.wrap(body).as('iframe');\n});\ncy.get('@iframe').find('#button-find-out-more').click();\ncy.get('@iframe').find('#myModal').as('modal');\ncy.get('@modal').should($expectedText => {\n  const text = $expectedText.text();\n  expect(text).to.include('Welcome to webdriveruniversity.com we sell a wide range of electrical ');\n});\ncy.get('@modal').contains('Close').click();",
              "err": {},
              "uuid": "f82ac20e-3b60-414a-ae6d-6cc442293b7c",
              "parentUUID": "91f8d09c-5441-41b6-b5f9-c9d222ea3ca2",
              "isHook": false,
              "skipped": false
            }
          ],
          "suites": [],
          "passes": [
            "f82ac20e-3b60-414a-ae6d-6cc442293b7c"
          ],
          "failures": [],
          "pending": [],
          "skipped": [],
          "duration": 1903,
          "root": false,
          "rootEmpty": false,
          "_timeout": 2000
        }
      ],
      "passes": [],
      "failures": [],
      "pending": [],
      "skipped": [],
      "duration": 0,
      "root": true,
      "rootEmpty": true,
      "_timeout": 2000
    },
    {
      "uuid": "e36f4154-6290-4f07-9874-440c934724a0",
      "title": "",
      "fullFile": "cypress/integration/webdriver-uni/mouse-actions.js",
      "file": "cypress/integration/webdriver-uni/mouse-actions.js",
      "beforeHooks": [],
      "afterHooks": [],
      "tests": [],
      "suites": [
        {
          "uuid": "e9f91fbe-b624-484f-af78-3b95a886a40b",
          "title": "Test mouse actions",
          "fullFile": "",
          "file": "",
          "beforeHooks": [],
          "afterHooks": [],
          "tests": [
            {
              "title": "Scroll element into view",
              "fullTitle": "Test mouse actions Scroll element into view",
              "timedOut": null,
              "duration": 1188,
              "state": "passed",
              "speed": "fast",
              "pass": true,
              "fail": false,
              "pending": false,
              "context": null,
              "code": "//  cy.visit(\"http://webdriveruniversity.com/Contact-Us/contactus.html\")\ncy.visit(\"http://webdriveruniversity.com\");\ncy.get('#actions').scrollIntoView().invoke('removeAttr', 'target').click({\n  force: true\n});",
              "err": {},
              "uuid": "0f06291a-8122-4d70-9e6d-02772eeb7277",
              "parentUUID": "e9f91fbe-b624-484f-af78-3b95a886a40b",
              "isHook": false,
              "skipped": false
            },
            {
              "title": "I should be able to drag and drop a draggable item",
              "fullTitle": "Test mouse actions I should be able to drag and drop a draggable item",
              "timedOut": null,
              "duration": 591,
              "state": "passed",
              "speed": "fast",
              "pass": true,
              "fail": false,
              "pending": false,
              "context": null,
              "code": "cy.visit(\"http://webdriveruniversity.com\");\ncy.get('#actions').scrollIntoView().invoke('removeAttr', 'target').click({\n  force: true\n});\ncy.get('#draggable').trigger('mousedown', {\n  which: 1\n});\ncy.get('#droppable').trigger('mousemove').trigger('mouseup', {\n  force: true\n});",
              "err": {},
              "uuid": "9cd9f517-bff0-47e8-ab54-acb62cf0ef32",
              "parentUUID": "e9f91fbe-b624-484f-af78-3b95a886a40b",
              "isHook": false,
              "skipped": false
            },
            {
              "title": "I should be able to double mouse click",
              "fullTitle": "Test mouse actions I should be able to double mouse click",
              "timedOut": null,
              "duration": 483,
              "state": "passed",
              "speed": "fast",
              "pass": true,
              "fail": false,
              "pending": false,
              "context": null,
              "code": "cy.visit(\"http://webdriveruniversity.com\");\ncy.get('#actions').scrollIntoView().invoke('removeAttr', 'target').click({\n  force: true\n});\ncy.get('#double-click').dblclick();",
              "err": {},
              "uuid": "3e5599ea-8e61-4299-8125-73eef0445d0c",
              "parentUUID": "e9f91fbe-b624-484f-af78-3b95a886a40b",
              "isHook": false,
              "skipped": false
            },
            {
              "title": "I should be able to hold down the left mouse click button on a given element",
              "fullTitle": "Test mouse actions I should be able to hold down the left mouse click button on a given element",
              "timedOut": null,
              "duration": 409,
              "state": "passed",
              "speed": "fast",
              "pass": true,
              "fail": false,
              "pending": false,
              "context": null,
              "code": "cy.visit(\"http://webdriveruniversity.com\");\ncy.get('#actions').scrollIntoView().invoke('removeAttr', 'target').click({\n  force: true\n});\ncy.get('#click-box').trigger('mousedown', {\n  which: 1\n}).then(element => {\n  expect(element).to.have.css('background-color', 'rgb(0, 255, 0)');\n});",
              "err": {},
              "uuid": "2abd7034-9895-405d-af60-d470b509d268",
              "parentUUID": "e9f91fbe-b624-484f-af78-3b95a886a40b",
              "isHook": false,
              "skipped": false
            }
          ],
          "suites": [],
          "passes": [
            "0f06291a-8122-4d70-9e6d-02772eeb7277",
            "9cd9f517-bff0-47e8-ab54-acb62cf0ef32",
            "3e5599ea-8e61-4299-8125-73eef0445d0c",
            "2abd7034-9895-405d-af60-d470b509d268"
          ],
          "failures": [],
          "pending": [],
          "skipped": [],
          "duration": 2671,
          "root": false,
          "rootEmpty": false,
          "_timeout": 2000
        }
      ],
      "passes": [],
      "failures": [],
      "pending": [],
      "skipped": [],
      "duration": 0,
      "root": true,
      "rootEmpty": true,
      "_timeout": 2000
    },
    {
      "uuid": "0d4c91d7-6240-4744-b4c8-d2dc0903ad5d",
      "title": "",
      "fullFile": "cypress/integration/webdriver-uni/radio-button.js",
      "file": "cypress/integration/webdriver-uni/radio-button.js",
      "beforeHooks": [],
      "afterHooks": [],
      "tests": [],
      "suites": [
        {
          "uuid": "536f741a-42a4-43d6-a543-be3957131217",
          "title": "Verify checkboxes via webdriverUni",
          "fullFile": "",
          "file": "",
          "beforeHooks": [],
          "afterHooks": [],
          "tests": [
            {
              "title": "Check and validate checkboxes ",
              "fullTitle": "Verify checkboxes via webdriverUni Check and validate checkboxes ",
              "timedOut": null,
              "duration": 1414,
              "state": "passed",
              "speed": "fast",
              "pass": true,
              "fail": false,
              "pending": false,
              "context": null,
              "code": "cy.get('#radio-buttons').find(\"[type='radio']\").first().check();\ncy.get('#radio-buttons').find(\"[type='radio']\").eq(1).check();",
              "err": {},
              "uuid": "76950e71-acbd-4fb7-b163-1e6c0571c341",
              "parentUUID": "536f741a-42a4-43d6-a543-be3957131217",
              "isHook": false,
              "skipped": false
            },
            {
              "title": "Check and validate checkboxes ",
              "fullTitle": "Verify checkboxes via webdriverUni Check and validate checkboxes ",
              "timedOut": null,
              "duration": 194,
              "state": "passed",
              "speed": "fast",
              "pass": true,
              "fail": false,
              "pending": false,
              "context": null,
              "code": "cy.get(\"[value='lettuce']\").should('not.be.checked');\ncy.get(\"[value='pumpkin']\").should('be.checked');\ncy.get(\"[value='lettuce']\").check();\ncy.get(\"[value='lettuce']\").should('be.checked');\ncy.get(\"[value='pumpkin']\").should('not.be.checked');\ncy.get(\"[value='cabbage']\").should('be.disabled');",
              "err": {},
              "uuid": "c02c5b4d-0602-40a1-9013-58d76af4ad9c",
              "parentUUID": "536f741a-42a4-43d6-a543-be3957131217",
              "isHook": false,
              "skipped": false
            }
          ],
          "suites": [],
          "passes": [
            "76950e71-acbd-4fb7-b163-1e6c0571c341",
            "c02c5b4d-0602-40a1-9013-58d76af4ad9c"
          ],
          "failures": [],
          "pending": [],
          "skipped": [],
          "duration": 1608,
          "root": false,
          "rootEmpty": false,
          "_timeout": 2000
        }
      ],
      "passes": [],
      "failures": [],
      "pending": [],
      "skipped": [],
      "duration": 0,
      "root": true,
      "rootEmpty": true,
      "_timeout": 2000
    },
    {
      "uuid": "da621b94-003c-49d6-93c2-d2a9a00db45a",
      "title": "",
      "fullFile": "cypress/integration/webdriver-uni/traversing-elements.js",
      "file": "cypress/integration/webdriver-uni/traversing-elements.js",
      "beforeHooks": [],
      "afterHooks": [],
      "tests": [],
      "suites": [
        {
          "uuid": "2706754d-689c-40e4-8fe0-3cccc22272fb",
          "title": "Traversing DOM elements in Cypress",
          "fullFile": "",
          "file": "",
          "beforeHooks": [],
          "afterHooks": [],
          "tests": [
            {
              "title": "prevAll() to get all previous sibling DOM elements within elements",
              "fullTitle": "Traversing DOM elements in Cypress prevAll() to get all previous sibling DOM elements within elements",
              "timedOut": null,
              "duration": 1544,
              "state": "passed",
              "speed": "fast",
              "pass": true,
              "fail": false,
              "pending": false,
              "context": null,
              "code": "cy.get('.sales').prevAll().should('have.length', 2);",
              "err": {},
              "uuid": "18275ee2-d979-4d8d-942b-3b5b1cdb5577",
              "parentUUID": "2706754d-689c-40e4-8fe0-3cccc22272fb",
              "isHook": false,
              "skipped": false
            }
          ],
          "suites": [],
          "passes": [
            "18275ee2-d979-4d8d-942b-3b5b1cdb5577"
          ],
          "failures": [],
          "pending": [],
          "skipped": [],
          "duration": 1544,
          "root": false,
          "rootEmpty": false,
          "_timeout": 2000
        }
      ],
      "passes": [],
      "failures": [],
      "pending": [],
      "skipped": [],
      "duration": 0,
      "root": true,
      "rootEmpty": true,
      "_timeout": 2000
    },
    {
      "uuid": "c3175e6c-4ab4-46c3-b9b9-68d70502aced",
      "title": "",
      "fullFile": "cypress/integration/automation-test-store/add-multiple-items.js",
      "file": "cypress/integration/automation-test-store/add-multiple-items.js",
      "beforeHooks": [],
      "afterHooks": [],
      "tests": [],
      "suites": [
        {
          "uuid": "7fef8a99-1c02-4f11-a86f-43ff53717899",
          "title": "Add multiple items to basket",
          "fullFile": "",
          "file": "",
          "beforeHooks": [],
          "afterHooks": [],
          "tests": [
            {
              "title": "Add specific items to basket",
              "fullTitle": "Add multiple items to basket Add specific items to basket",
              "timedOut": null,
              "duration": 6822,
              "state": "passed",
              "speed": "medium",
              "pass": true,
              "fail": false,
              "pending": false,
              "context": null,
              "code": "autoHairCare.addHairCareProductsToBasket();",
              "err": {},
              "uuid": "ba626402-db51-470d-bbef-2d14b801fa27",
              "parentUUID": "7fef8a99-1c02-4f11-a86f-43ff53717899",
              "isHook": false,
              "skipped": false
            }
          ],
          "suites": [],
          "passes": [
            "ba626402-db51-470d-bbef-2d14b801fa27"
          ],
          "failures": [],
          "pending": [],
          "skipped": [],
          "duration": 6822,
          "root": false,
          "rootEmpty": false,
          "_timeout": 2000
        }
      ],
      "passes": [],
      "failures": [],
      "pending": [],
      "skipped": [],
      "duration": 0,
      "root": true,
      "rootEmpty": true,
      "_timeout": 2000
    }
  ],
  "meta": {
    "mocha": {
      "version": "7.0.1"
    },
    "mochawesome": {
      "options": {
        "quiet": false,
        "reportFilename": "mochawesome",
        "saveHtml": false,
        "saveJson": true,
        "consoleReporter": "spec",
        "useInlineDiffs": false,
        "code": true
      },
      "version": "7.1.3"
    },
    "marge": {
      "options": {
        "id": "default",
        "reportDir": "cypress/results/mochawesome",
        "quite": true,
        "overwrite": false,
        "html": false,
        "json": true
      },
      "version": "6.2.0"
    }
  }
}